/*C17*/SET SCHEMA PUBLIC
alter table Imputation drop constraint UKl9vduh85e3bwhbdbjgngj9alg
alter table Imputation add constraint UKl9vduh85e3bwhbdbjgngj9alg unique (day, task_id, account_id)
alter table OrganizationMembership drop constraint UKpaqirhkf66d2aqtd9y6w8jn0p
alter table OrganizationMembership add constraint UKpaqirhkf66d2aqtd9y6w8jn0p unique (member_id, organization_id)
alter table Project drop constraint UKuoiyyyl15jr4umh2nb99wx93
alter table Project add constraint UKuoiyyyl15jr4umh2nb99wx93 unique (name, organizationID)
DROP TABLE IF EXISTS QRTZ_FIRED_TRIGGERS
DROP TABLE IF EXISTS QRTZ_PAUSED_TRIGGER_GRPS
DROP TABLE IF EXISTS QRTZ_SCHEDULER_STATE
DROP TABLE IF EXISTS QRTZ_LOCKS
DROP TABLE IF EXISTS QRTZ_SIMPLE_TRIGGERS
DROP TABLE IF EXISTS QRTZ_SIMPROP_TRIGGERS
DROP TABLE IF EXISTS QRTZ_CRON_TRIGGERS
DROP TABLE IF EXISTS QRTZ_BLOB_TRIGGERS
DROP TABLE IF EXISTS QRTZ_TRIGGERS
DROP TABLE IF EXISTS QRTZ_JOB_DETAILS
DROP TABLE IF EXISTS QRTZ_CALENDARS
/*C1*/SET SCHEMA SYSTEM_LOBS
INSERT INTO LOB_IDS VALUES(1,2,0,40)
ALTER SEQUENCE SYSTEM_LOBS.LOB_ID RESTART WITH 2
COMMIT
DELETE FROM BLOCKS WHERE BLOCK_ADDR=0
INSERT INTO BLOCKS VALUES(0,1,0)
INSERT INTO BLOCKS VALUES(1,2147483646,0)
DELETE FROM BLOCKS WHERE BLOCK_ADDR=0
INSERT INTO LOBS VALUES(0,1,0,1)
COMMIT
/*C17*/INSERT INTO ACCOUNT VALUES(1,'2020-03-30','pierre.mellet@gmail.com',1,NULL,NULL,'35adcb1a-2df7-4623-88ee-17a483dfdff3')
SET SCHEMA SYSTEM_LOBS
DELETE FROM LOB_IDS WHERE LOB_ID=1
INSERT INTO LOB_IDS VALUES(1,2,1,40)
SET SCHEMA PUBLIC
ALTER SEQUENCE PUBLIC.HIBERNATE_SEQUENCE RESTART WITH 2
COMMIT
DISCONNECT
/*C18*/SET SCHEMA PUBLIC
DISCONNECT
/*C19*/SET SCHEMA PUBLIC
DISCONNECT
/*C20*/SET SCHEMA PUBLIC
DISCONNECT
/*C21*/SET SCHEMA PUBLIC
DISCONNECT
/*C22*/SET SCHEMA PUBLIC
DISCONNECT
/*C23*/SET SCHEMA PUBLIC
DISCONNECT
/*C24*/SET SCHEMA PUBLIC
DISCONNECT
/*C25*/SET SCHEMA PUBLIC
DISCONNECT
/*C26*/SET SCHEMA PUBLIC
DISCONNECT
/*C27*/SET SCHEMA PUBLIC
DISCONNECT
/*C28*/SET SCHEMA PUBLIC
DISCONNECT
/*C29*/SET SCHEMA PUBLIC
DISCONNECT
/*C30*/SET SCHEMA PUBLIC
DISCONNECT
/*C31*/SET SCHEMA PUBLIC
DISCONNECT
